{"level":"info","message":"HTTP GET /api/quizzes/category/asia {}","meta":{"req":{"headers":{"accept":"text/html,application/xhtml+xml,application/xml;q=0.9,image/avif,image/webp,image/apng,*/*;q=0.8,application/signed-exchange;v=b3;q=0.7","accept-encoding":"gzip, deflate, br, zstd","accept-language":"en-US,en;q=0.9,hi-IN;q=0.8,hi;q=0.7,mr;q=0.6","cache-control":"max-age=0","connection":"keep-alive","cookie":"Webstorm-8758ab63=629bf5ab-6eb7-448b-b5f5-0b81cbb7b55e","host":"localhost:3001","if-none-match":"W/\"1ef-DK07urRw/xhOE+DOw0TyFhOWfeo\"","sec-ch-ua":"\"Google Chrome\";v=\"129\", \"Not=A?Brand\";v=\"8\", \"Chromium\";v=\"129\"","sec-ch-ua-mobile":"?0","sec-ch-ua-platform":"\"Windows\"","sec-fetch-dest":"document","sec-fetch-mode":"navigate","sec-fetch-site":"none","sec-fetch-user":"?1","upgrade-insecure-requests":"1","user-agent":"Mozilla/5.0 (Windows NT 10.0; Win64; x64) AppleWebKit/537.36 (KHTML, like Gecko) Chrome/129.0.0.0 Safari/537.36"},"httpVersion":"1.1","method":"GET","originalUrl":"/api/quizzes/category/asia","query":{},"url":"/api/quizzes/category/asia"},"res":{"statusCode":304},"responseTime":29},"timestamp":"2024-09-27T10:07:36.832Z"}
2024-09-27T10:09:03.803Z info: HTTP GET /api/quizzes/category/asia
2024-09-27T10:12:32.315Z info: HTTP GET /api/quizzes/category/asiad
2024-09-27T10:12:45.175Z info: HTTP GET /api/quizzes
2024-09-27T10:12:51.692Z info: HTTP GET /aps
2024-09-27T10:16:45.082Z info: HTTP GET /aps
2024-09-27T10:16:57.649Z info: HTTP GET /api/quizzes
2024-09-27T10:17:11.446Z info: HTTP GET /api/quizzes/Geography
2024-09-27T10:20:49.473Z info: HTTP GET /api/quizzes/Geography
2024-09-27T10:20:53.279Z info: HTTP GET /ap
2024-09-27T10:21:36.803Z info: HTTP GET /ap
2024-09-27T10:21:38.888Z info: HTTP GET /api/quizzes
2024-09-27T10:46:41.803Z info: HTTP GET /api/auth
2024-09-27T10:46:59.652Z info: HTTP GET /api/quizzes
2024-09-27T10:48:53.771Z info: HTTP GET /api/auth/register
2024-09-27T10:49:31.086Z info: HTTP POST /api/auth/register
2024-09-27T10:58:18.922Z info: HTTP POST /api/auth/register
2024-09-27T10:58:18.924Z info: Request Body: {"username":"vikas","password":"vikas@2003"}
2024-09-27T10:59:36.311Z info: HTTP GET /api/quizzes
2024-09-27T11:01:22.992Z info: HTTP GET /api/auth/login
2024-09-27T11:05:34.068Z info: HTTP POST /api/auth/login
2024-09-27T11:05:34.071Z info: Request Body: {"username":"vikas","password":"vikas@2003"}
2024-09-27T11:07:29.809Z info: HTTP POST /api/auth/me
2024-09-27T11:07:29.810Z info: Request Body: {"username":"vikas","password":"vikas@2003"}
2024-09-27T11:07:44.164Z info: HTTP POST /api/auth/me
2024-09-27T11:07:44.165Z info: Request Body: {"username":"vikas","password":"vikas@2003"}
2024-09-27T11:08:42.073Z info: HTTP POST /api/auth/me
2024-09-27T11:08:42.074Z info: Request Body: {"username":"vikas","password":"vikas@2003"}
2024-09-27T11:09:52.701Z info: HTTP GET /api/auth/me
2024-09-27T11:16:00.303Z info: HTTP POST /api/auth/me
2024-09-27T11:16:00.304Z info: Request Body: {"username":"vikas","password":"vikas@2003"}
2024-09-27T11:18:01.689Z info: HTTP GET /api/auth/me
2024-09-27T11:19:34.526Z info: HTTP POST /api/auth/me
2024-09-27T11:19:34.527Z info: Request Body: {}
2024-09-27T11:20:15.674Z info: HTTP GET /api/auth/me
2024-09-27T11:20:24.569Z info: HTTP GET /api/quizzes
2024-09-27T11:20:30.387Z info: HTTP GET /api/quizzes
2024-09-27T11:20:35.186Z info: HTTP GET /api/quizzes
2024-09-27T11:25:26.875Z info: HTTP GET /
2024-09-27T11:25:31.937Z info: HTTP GET /api/quizzes
2024-09-27T11:25:32.954Z info: HTTP GET /api/quizzes
2024-09-27T11:42:52.406Z info: HTTP POST /api/quizzes
2024-09-27T11:42:52.408Z info: Request Body: {"question":"What is the capital of France?","options":[{"text":"Berlin","isCorrect":false},{"text":"Madrid","isCorrect":false},{"text":"Paris","isCorrect":true},{"text":"Lisbon","isCorrect":false}],"categories":["Geography","Europe"],"difficulty":"easy"}
2024-09-27T11:46:35.065Z info: HTTP GET /api/quizzes
2024-09-27T11:46:49.106Z info: HTTP GET /api/quizzes
2024-09-27T11:51:03.727Z info: HTTP GET /api/quizzes
2024-09-27T11:51:09.757Z info: HTTP GET /api/quizzes
2024-09-27T11:53:56.158Z info: HTTP GET /api/quizzes
